/Users/bigmac/autonomous-trader/venv/lib/python3.9/site-packages/urllib3/__init__.py:35: NotOpenSSLWarning: urllib3 v2 only supports OpenSSL 1.1.1+, currently the 'ssl' module is compiled with 'LibreSSL 2.8.3'. See: https://github.com/urllib3/urllib3/issues/3020
  warnings.warn(
20:34:05 INFO ══════════════════════════════════════════════════════════════════════
20:34:05 INFO   OOS Validation: Held-Out 2024 Backtest (Candidate A)
20:34:05 INFO   Run date: 2026-04-16  |  Window: 2024-01-01 → 2024-12-31
20:34:05 INFO ══════════════════════════════════════════════════════════════════════
20:34:05 INFO [STEP 1] Downloading SPY for return calculation...
/Users/bigmac/autonomous-trader/engine/super_backtest_oos.py:1562: FutureWarning: Calling float on a single element Series is deprecated and will raise a TypeError in the future. Use float(ser.iloc[0]) instead
  (float(spy_sub["Close"].iloc[-1]) / float(spy_sub["Close"].iloc[0]) - 1) * 100, 2
20:34:07 INFO SPY return in window: +17.52%
20:34:07 INFO [STEP 2] Building point-in-time S&P 500 universe as of 2024-01-01...
20:34:07 INFO [PIT_UNIVERSE] Loaded 200 symbols from disk cache /Users/bigmac/autonomous-trader/data/pit_universe_2024.json
20:34:07 INFO [STEP 2] PIT universe: 200 symbols | alpha=0.5 (neutral, no look-ahead)
20:34:07 INFO [STEP 3] Downloading 200 symbols + ^VIX (760d)...
20:34:07 INFO Downloading 202 symbols in 11 batches...
20:34:25 INFO   Downloaded 5/11 batches, 100 symbols ready
20:34:42 INFO   Downloaded 10/11 batches, 200 symbols ready
20:34:44 INFO Download complete: 202/202 symbols with data
20:34:44 INFO [STEP 4] 200 trading days, 563 VIX entries
20:34:44 INFO [STEP 5] Running Sniper v5 (alpha fixed + Ollie gate)...
20:34:44 INFO [SNIPER_V5] Starting on 202 symbols, 200 days
20:34:44 INFO [SNIPER_V5] 200 symbols pass alpha>=0.25
20:34:48 INFO [SNIPER_V5_EVENT] 162 approved trades, 12 rejected shadows, 4016 skipped
20:34:57 INFO [SNIPER_V5_OPT] 338 approved, 0 shadows, 15662 skipped
20:34:57 INFO [SNIPER_V5] Done: 500 trades, return=+1923.99%, Sharpe=1.199, Ollie: 514/526 approved
20:34:57 INFO OOS Backtest 2024 complete in 51.9s
20:34:57 INFO Results in backtest.db tables: backtest_results_oos, backtest_trades_oos, backtest_summary_oos, backtest_equity_oos, backtest_monthly_oos, backtest_decisions_oos

━━━━━━━━━━━━━━━━━━━━━━━━━━━━━━━━━━━━━━━━━━━━━━━━━━━━━━━━━━━━━━━━━━━━━━━━━━━━━━━━━━━━━━━━━━━━━━━━━━━━
  WARP CORE REACTOR v5 — Alpha Gate Fixed + Ollie Commander
  Jan 9 – Apr 9, 2026  |  run=2026-04-16
  3 strategies: rsi_bounce · csp · covered_call
  7 agents: Ollie (gate) + Uhura + Worf + Spock + Seven + McCoy + Neo
━━━━━━━━━━━━━━━━━━━━━━━━━━━━━━━━━━━━━━━━━━━━━━━━━━━━━━━━━━━━━━━━━━━━━━━━━━━━━━━━━━━━━━━━━━━━━━━━━━━━

  [1] FULL HISTORY COMPARISON

  Metric            Actual        v1  v2(180d)       v3b  SniperTT    v4 v2R  v4 Snipe        v5      BEST
  ──────────────────────────────────────────────────────────────────────────────────────────────────────────────
  Return %         -23.66%   +41.33%    +8.42%   +16.30%    +0.00%    +7.49%    -7.65% +1923.99%        v5
  Sharpe            -6.516    -0.061    +0.874    +1.003    +1.136    +0.011    -0.098    +1.199        v5
  Win Rate           17.7%     41.8%     57.6%     61.5%     83.3%     55.9%     80.0%     77.8%  SniperTT
  Trades               558      2329       277        87        18       145        15       500

  [2] OLLIE COMMANDER REPORT
  ┌─────────────────────────┬────────────┐
  │ Metric                  │      Value │
  ├─────────────────────────┼────────────┤
  │ Trades submitted        │        526 │
  │ Ollie approved          │        514 │
  │ Ollie rejected          │         12 │
  │ Approved win rate       │      77.8% │
  │ Rejected would-have WR  │      75.0% │
  │ Ollie added value?      │      YES ✓ │
  └─────────────────────────┴────────────┘

  [3] PER-AGENT LEADERBOARD (by Sharpe)
  Rank  Agent                   Trades    Return      WR    Sharpe        DD    Bull    Bear
  ──────────────────────────────────────────────────────────────────────────────────────────
  1     McCoy                       41  +649.48%   97.6%   +11.123   -18.98%  +0.00%  +0.00% *
  2     Neo                         16  +233.28%   68.8%    +6.066   -11.85%  +8.56%  +0.00% *
  3     Dax                         65  +878.64%   89.2%    +4.852   -39.40%+667.43%  +0.00%
  4     Capitol                    103  +627.27%   93.2%    +1.830  -100.00%+511.82%  +0.00%
  5     Navigator                   99   +85.02%   48.5%    +0.627   -40.15%  +4.35%  -5.76%
  6     Chekov                      47   -33.77%   42.6%    -0.623   -62.49%  -8.30%  -8.85%
  7     Uhura                      129  -515.93%   89.9%    -0.849  -100.00%-205.33%  +0.00%

  [4] PER-STRATEGY BREAKDOWN (by Sharpe)
  Strategy              Trades    Return      WR    Sharpe        DD    Best   Worst
  ────────────────────────────────────────────────────────────────────────────────────
  csp                      155 +2243.51%   92.3%    +6.050   -43.17% +70.15% -39.40%
  rsi_bounce                78  +230.30%   48.7%    +1.304   -62.22%+100.00% -22.63%
  bull_momentum             84   +54.23%   48.8%    +0.660   -36.43% +41.02% -10.77%
  covered_call             183  -604.05%   91.3%    -0.766  -100.00%  +9.42%-100.00%

  [5] REGIME RESULTS
  Regime+Strategy               Trades    Return      WR    Sharpe
  ────────────────────────────────────────────────────────────────
  CAUTIOUS_csp                      64  +958.34%   95.3%    +7.923
  MIXED_bull_momentum                6   +68.00%   83.3%    +6.133
  BULL_csp                          91 +1285.17%   90.1%    +5.152
  MIXED_rsi_bounce                  34  +287.92%   64.7%    +3.217
  BULL_bull_momentum                58   +36.17%   56.9%    +0.935
  BULL_covered_call                113  -311.24%   93.8%    -0.677
  CAUTIOUS_covered_call             70  -292.81%   87.1%    -0.895
  CAUTIOUS_rsi_bounce                9    -7.11%   44.4%    -1.049
  BULL_rsi_bounce                   29   -31.56%   41.4%    -1.270
  CAUTIOUS_bull_momentum            17   -38.81%   17.6%    -4.582
  CRISIS_rsi_bounce                  2    -6.83%    0.0%   -18.070
  BEAR_rsi_bounce                    4   -12.12%    0.0%   -25.710

  [6] MONTHLY BREAKDOWN
  2024-04  total=+70.63%  avg/agent=+17.66%  agents=4
  2024-05  total=+197.78%  avg/agent=+39.56%  agents=5
  2024-06  total=+125.14%  avg/agent=+25.03%  agents=5
  2024-07  total=+96.41%  avg/agent=+19.28%  agents=5
  2024-08  total=+963.51%  avg/agent=+137.64%  agents=7
  2024-09  total=-334.52%  avg/agent=-55.75%  agents=6
  2024-10  total=+71.78%  avg/agent=+11.96%  agents=6
  2024-11  total=+342.40%  avg/agent=+57.07%  agents=6
  2024-12  total=+393.83%  avg/agent=+65.64%  agents=6
  2025-01  total=-2.98%  avg/agent=-0.99%  agents=3

  [7] ALPHA SIGNAL REPORT CARD (12 Dilithium Crystals)
  Avg composite on WINS:   +0.500
  Avg composite on LOSSES: +0.500
  Composite signal edge:   +0.000

  Dark Pool          (wt 0.20)         wins=-0.091  losses=-0.036  edge=-0.055 ✗
  Insider Activity   (wt 0.20)         wins=+0.000  losses=+0.000  edge=+0.000 ~
  Failure-to-Deliver (wt 0.15)         wins=+0.000  losses=+0.000  edge=+0.000 ~
  Put/Call Ratio     (wt 0.10)         wins=+0.000  losses=+0.000  edge=+0.000 ~
  VIX Structure      (wt 0.10)         wins=+0.000  losses=+0.000  edge=+0.000 ~
  Sentiment          (wt 0.10)         wins=-0.042  losses=-0.041  edge=-0.002 ~
  OpEx               (wt 0.05)         wins=+0.000  losses=+0.000  edge=+0.000 ~
  Yield Curve        (wt 0.03)         wins=+0.000  losses=+0.000  edge=+0.000 ~
  Earnings           (wt 0.03)         wins=+0.064  losses=+0.018  edge=+0.046 ~
  Rebalancing        (wt 0.00)         wins=+0.000  losses=+0.000  edge=+0.000 ~
  Rallies Consensus  (wt 0.05)         wins=+0.000  losses=+0.000  edge=+0.000 ~
  Rallies Debate     (wt 0.05)         wins=+0.000  losses=+0.000  edge=+0.000 ~

━━━━━━━━━━━━━━━━━━━━━━━━━━━━━━━━━━━━━━━━━━━━━━━━━━━━━━━━━━━━━━━━━━━━━━━━━━━━━━━━━━━━━━━━━━━━━━━━━━━━
  VERDICT
━━━━━━━━━━━━━━━━━━━━━━━━━━━━━━━━━━━━━━━━━━━━━━━━━━━━━━━━━━━━━━━━━━━━━━━━━━━━━━━━━━━━━━━━━━━━━━━━━━━━

  ALPHA GATE IMPACT (v5 vs v4 Sniper):
    Return:  -7.65% → +1923.99%  (+1931.64% ↑)
    Sharpe:  -0.098  → +1.199   (+1.297 ↑)
    ALPHA GATE IMPACT: +1931.64% return,  +1.297 Sharpe

  OLLIE COMMANDER IMPACT:
    Approved WR:  77.8%
    Rejected WR:  75.0%  (shadow — would-have)
    Delta:        +2.8pp
    Verdict:      Ollie is ADDING VALUE

  SNIPER MODE STATUS:
    ✓ Alpha gate fix improved both return and Sharpe vs v4 sniper
    ✓ Win rate 77.8% ≥ 65% Proving Ground target

  RECOMMENDATION:
    PROCEED — Sniper Mode with alpha gate fixed shows positive expected value.

  SPY Buy & Hold:  +17.52%  |  v5 vs SPY: +1906.47%

  * = single-trade Sharpe (std ≈ 0, magnitude unreliable)
━━━━━━━━━━━━━━━━━━━━━━━━━━━━━━━━━━━━━━━━━━━━━━━━━━━━━━━━━━━━━━━━━━━━━━━━━━━━━━━━━━━━━━━━━━━━━━━━━━━━

